# JRE version: OpenJDK Runtime Environment (8.0_152-b01) (build 1.8.0_152-release-1248-b01)
# Java VM: OpenJDK 64-Bit Server VM (25.152-b01 mixed mode linux-amd64 compressed oops)
Heap:
 PSYoungGen      total 337920K, used 96K [0x00000000e0000000, 0x00000000f5e80000, 0x0000000100000000)
  eden space 316928K, 0% used [0x00000000e0000000,0x00000000e0000000,0x00000000f3580000)
  from space 20992K, 0% used [0x00000000f3580000,0x00000000f3598000,0x00000000f4a00000)
  to   space 13824K, 0% used [0x00000000f5100000,0x00000000f5100000,0x00000000f5e80000)
 ParOldGen       total 80896K, used 46989K [0x00000000a0000000, 0x00000000a4f00000, 0x00000000e0000000)
  object space 80896K, 58% used [0x00000000a0000000,0x00000000a2de3730,0x00000000a4f00000)
 Metaspace       used 70715K, capacity 72716K, committed 72880K, reserved 1112064K
  class space    used 9297K, capacity 9794K, committed 9904K, reserved 1048576K
GC Heap History (10 events):
Event: 57,334 GC heap after
Heap after GC invocations=17 (full 2):
 PSYoungGen      total 203264K, used 8465K [0x00000000e0000000, 0x00000000f2a80000, 0x0000000100000000)
  eden space 181248K, 0% used [0x00000000e0000000,0x00000000e0000000,0x00000000eb100000)
  from space 22016K, 38% used [0x00000000eb100000,0x00000000eb9446d0,0x00000000ec680000)
  to   space 20480K, 0% used [0x00000000f1680000,0x00000000f1680000,0x00000000f2a80000)
 ParOldGen       total 54272K, used 35060K [0x00000000a0000000, 0x00000000a3500000, 0x00000000e0000000)
  object space 54272K, 64% used [0x00000000a0000000,0x00000000a223d360,0x00000000a3500000)
 Metaspace       used 57402K, capacity 59096K, committed 59160K, reserved 1099776K
  class space    used 7886K, capacity 8338K, committed 8368K, reserved 1048576K
}
Event: 57,334 GC heap before
{Heap before GC invocations=18 (full 3):
 PSYoungGen      total 203264K, used 8465K [0x00000000e0000000, 0x00000000f2a80000, 0x0000000100000000)
  eden space 181248K, 0% used [0x00000000e0000000,0x00000000e0000000,0x00000000eb100000)
  from space 22016K, 38% used [0x00000000eb100000,0x00000000eb9446d0,0x00000000ec680000)
  to   space 20480K, 0% used [0x00000000f1680000,0x00000000f1680000,0x00000000f2a80000)
 ParOldGen       total 54272K, used 35060K [0x00000000a0000000, 0x00000000a3500000, 0x00000000e0000000)
  object space 54272K, 64% used [0x00000000a0000000,0x00000000a223d360,0x00000000a3500000)
 Metaspace       used 57402K, capacity 59096K, committed 59160K, reserved 1099776K
  class space    used 7886K, capacity 8338K, committed 8368K, reserved 1048576K
Event: 57,996 GC heap after
Heap after GC invocations=18 (full 3):
 PSYoungGen      total 203264K, used 0K [0x00000000e0000000, 0x00000000f2a80000, 0x0000000100000000)
  eden space 181248K, 0% used [0x00000000e0000000,0x00000000e0000000,0x00000000eb100000)
  from space 22016K, 0% used [0x00000000eb100000,0x00000000eb100000,0x00000000ec680000)
  to   space 20480K, 0% used [0x00000000f1680000,0x00000000f1680000,0x00000000f2a80000)
 ParOldGen       total 80896K, used 32019K [0x00000000a0000000, 0x00000000a4f00000, 0x00000000e0000000)
  object space 80896K, 39% used [0x00000000a0000000,0x00000000a1f44c50,0x00000000a4f00000)
 Metaspace       used 57402K, capacity 59096K, committed 59160K, reserved 1099776K
  class space    used 7886K, capacity 8338K, committed 8368K, reserved 1048576K
}
Event: 80,109 GC heap before
{Heap before GC invocations=19 (full 3):
 PSYoungGen      total 203264K, used 181248K [0x00000000e0000000, 0x00000000f2a80000, 0x0000000100000000)
  eden space 181248K, 100% used [0x00000000e0000000,0x00000000eb100000,0x00000000eb100000)
  from space 22016K, 0% used [0x00000000eb100000,0x00000000eb100000,0x00000000ec680000)
  to   space 20480K, 0% used [0x00000000f1680000,0x00000000f1680000,0x00000000f2a80000)
 ParOldGen       total 80896K, used 32019K [0x00000000a0000000, 0x00000000a4f00000, 0x00000000e0000000)
  object space 80896K, 39% used [0x00000000a0000000,0x00000000a1f44c50,0x00000000a4f00000)
 Metaspace       used 60692K, capacity 62446K, committed 62768K, reserved 1103872K
  class space    used 8217K, capacity 8689K, committed 8752K, reserved 1048576K
Event: 80,184 GC heap after
Heap after GC invocations=19 (full 3):
 PSYoungGen      total 275456K, used 18086K [0x00000000e0000000, 0x00000000f2880000, 0x0000000100000000)
  eden space 257024K, 0% used [0x00000000e0000000,0x00000000e0000000,0x00000000efb00000)
  from space 18432K, 98% used [0x00000000f1680000,0x00000000f2829920,0x00000000f2880000)
  to   space 23040K, 0% used [0x00000000efb80000,0x00000000efb80000,0x00000000f1200000)
 ParOldGen       total 80896K, used 32027K [0x00000000a0000000, 0x00000000a4f00000, 0x00000000e0000000)
  object space 80896K, 39% used [0x00000000a0000000,0x00000000a1f46c50,0x00000000a4f00000)
 Metaspace       used 60692K, capacity 62446K, committed 62768K, reserved 1103872K
  class space    used 8217K, capacity 8689K, committed 8752K, reserved 1048576K
}
Event: 151,781 GC heap before
{Heap before GC invocations=20 (full 3):
 PSYoungGen      total 275456K, used 275110K [0x00000000e0000000, 0x00000000f2880000, 0x0000000100000000)
  eden space 257024K, 100% used [0x00000000e0000000,0x00000000efb00000,0x00000000efb00000)
  from space 18432K, 98% used [0x00000000f1680000,0x00000000f2829920,0x00000000f2880000)
  to   space 23040K, 0% used [0x00000000efb80000,0x00000000efb80000,0x00000000f1200000)
 ParOldGen       total 80896K, used 32027K [0x00000000a0000000, 0x00000000a4f00000, 0x00000000e0000000)
  object space 80896K, 39% used [0x00000000a0000000,0x00000000a1f46c50,0x00000000a4f00000)
 Metaspace       used 67203K, capacity 69016K, committed 69168K, reserved 1110016K
  class space    used 8962K, capacity 9438K, committed 9520K, reserved 1048576K
Event: 152,049 GC heap after
Heap after GC invocations=20 (full 3):
 PSYoungGen      total 280576K, used 9199K [0x00000000e0000000, 0x00000000f6680000, 0x0000000100000000)
  eden space 257536K, 0% used [0x00000000e0000000,0x00000000e0000000,0x00000000efb80000)
  from space 23040K, 39% used [0x00000000efb80000,0x00000000f047bc18,0x00000000f1200000)
  to   space 22016K, 0% used [0x00000000f5100000,0x00000000f5100000,0x00000000f6680000)
 ParOldGen       total 80896K, used 37630K [0x00000000a0000000, 0x00000000a4f00000, 0x00000000e0000000)
  object space 80896K, 46% used [0x00000000a0000000,0x00000000a24bfb10,0x00000000a4f00000)
 Metaspace       used 67203K, capacity 69016K, committed 69168K, reserved 1110016K
  class space    used 8962K, capacity 9438K, committed 9520K, reserved 1048576K
}
Event: 245,752 GC heap before
{Heap before GC invocations=21 (full 3):
 PSYoungGen      total 280576K, used 266033K [0x00000000e0000000, 0x00000000f6680000, 0x0000000100000000)
  eden space 257536K, 99% used [0x00000000e0000000,0x00000000efad0a98,0x00000000efb80000)
  from space 23040K, 39% used [0x00000000efb80000,0x00000000f047bc18,0x00000000f1200000)
  to   space 22016K, 0% used [0x00000000f5100000,0x00000000f5100000,0x00000000f6680000)
 ParOldGen       total 80896K, used 37630K [0x00000000a0000000, 0x00000000a4f00000, 0x00000000e0000000)
  object space 80896K, 46% used [0x00000000a0000000,0x00000000a24bfb10,0x00000000a4f00000)
 Metaspace       used 70713K, capacity 72716K, committed 72880K, reserved 1112064K
  class space    used 9297K, capacity 9794K, committed 9904K, reserved 1048576K
Event: 248,020 GC heap after
Heap after GC invocations=21 (full 3):
 PSYoungGen      total 330752K, used 9072K [0x00000000e0000000, 0x00000000f5e80000, 0x0000000100000000)
  eden space 316928K, 0% used [0x00000000e0000000,0x00000000e0000000,0x00000000f3580000)
  from space 13824K, 65% used [0x00000000f5100000,0x00000000f59dc1a8,0x00000000f5e80000)
  to   space 20992K, 0% used [0x00000000f3580000,0x00000000f3580000,0x00000000f4a00000)
 ParOldGen       total 80896K, used 39796K [0x00000000a0000000, 0x00000000a4f00000, 0x00000000e0000000)
  object space 80896K, 49% used [0x00000000a0000000,0x00000000a26dd028,0x00000000a4f00000)
 Metaspace       used 70713K, capacity 72716K, committed 72880K, reserved 1112064K
  class space    used 9297K, capacity 9794K, committed 9904K, reserved 1048576K
}
Event: 254,985 GC heap before
{Heap before GC invocations=22 (full 3):
 PSYoungGen      total 330752K, used 326000K [0x00000000e0000000, 0x00000000f5e80000, 0x0000000100000000)
  eden space 316928K, 100% used [0x00000000e0000000,0x00000000f3580000,0x00000000f3580000)
  from space 13824K, 65% used [0x00000000f5100000,0x00000000f59dc1a8,0x00000000f5e80000)
  to   space 20992K, 0% used [0x00000000f3580000,0x00000000f3580000,0x00000000f4a00000)
 ParOldGen       total 80896K, used 39796K [0x00000000a0000000, 0x00000000a4f00000, 0x00000000e0000000)
  object space 80896K, 49% used [0x00000000a0000000,0x00000000a26dd028,0x00000000a4f00000)
 Metaspace       used 70715K, capacity 72716K, committed 72880K, reserved 1112064K
  class space    used 9297K, capacity 9794K, committed 9904K, reserved 1048576K

